<?xml version="1.0" encoding="UTF-8"?>
<testsuite name="ua.stqa.aqa.addressbook.tests.ContactCreationTests" tests="2" skipped="0" failures="0" errors="0" timestamp="2021-02-18T12:09:12" hostname="ANDREY" time="2.584">
  <properties/>
  <testcase name="testContactCreation" classname="ua.stqa.aqa.addressbook.tests.ContactCreationTests" time="2.583"/>
  <testcase name="testCurrentDir" classname="ua.stqa.aqa.addressbook.tests.ContactCreationTests" time="0.001"/>
  <system-out><![CDATA[C:\Devel\AQA_Bar\java_bar_AQA\addressbook-web-tests\.
C:\Devel\AQA_Bar\java_bar_AQA\addressbook-web-tests\src\test\resources\Me.png
true
]]></system-out>
  <system-err><![CDATA[]]></system-err>
</testsuite>
