<?xml version="1.0" encoding="UTF-8"?>
<testsuite name="ua.stqa.aqa.addressbook.tests.GroupCreationTests" tests="3" skipped="0" failures="0" errors="0" timestamp="2021-02-18T12:08:51" hostname="ANDREY" time="14.163">
  <properties/>
  <testcase name="testGroupCreation[0](GroupData{id='2147483647', name='test 0'})" classname="ua.stqa.aqa.addressbook.tests.GroupCreationTests" time="7.434"/>
  <testcase name="testGroupCreation[1](GroupData{id='2147483647', name='test 1'})" classname="ua.stqa.aqa.addressbook.tests.GroupCreationTests" time="3.031"/>
  <testcase name="testGroupCreation[2](GroupData{id='2147483647', name='test 2'})" classname="ua.stqa.aqa.addressbook.tests.GroupCreationTests" time="3.696"/>
  <system-out><![CDATA[34
35
35
36
36
37
]]></system-out>
  <system-err><![CDATA[]]></system-err>
</testsuite>
